The system is: Darwin - 13.0.0 - i386
Compiling the Fortran compiler identification source file "CMakeFortranCompilerId.F" succeeded.
Compiler: /usr/local/bin/gfortran 
Build flags: 
Id flags: 

The output was:
0


Compilation of the Fortran compiler identification source "CMakeFortranCompilerId.F" produced "a.out"

The Fortran compiler identification is GNU, found in "/Users/tabel/Research/codes/MPI.jl/build/CMakeFiles/2.8.12.1/CompilerIdFortran/a.out"

Compiling the C compiler identification source file "CMakeCCompilerId.c" succeeded.
Compiler: /usr/local/bin/gcc 
Build flags: 
Id flags: 

The output was:
0


Compilation of the C compiler identification source "CMakeCCompilerId.c" produced "a.out"

The C compiler identification is GNU, found in "/Users/tabel/Research/codes/MPI.jl/build/CMakeFiles/2.8.12.1/CompilerIdC/a.out"

Determining if the Fortran compiler works passed with the following output:
Change Dir: /Users/tabel/Research/codes/MPI.jl/build/CMakeFiles/CMakeTmp

Run Build Command:/usr/bin/make "cmTryCompileExec2376472389/fast"
/Applications/Xcode.app/Contents/Developer/usr/bin/make -f CMakeFiles/cmTryCompileExec2376472389.dir/build.make CMakeFiles/cmTryCompileExec2376472389.dir/build
/usr/local/Cellar/cmake/2.8.12.1/bin/cmake -E cmake_progress_report /Users/tabel/Research/codes/MPI.jl/build/CMakeFiles/CMakeTmp/CMakeFiles 1
Building Fortran object CMakeFiles/cmTryCompileExec2376472389.dir/testFortranCompiler.f.o
/usr/local/bin/gfortran    -c /Users/tabel/Research/codes/MPI.jl/build/CMakeFiles/CMakeTmp/testFortranCompiler.f -o CMakeFiles/cmTryCompileExec2376472389.dir/testFortranCompiler.f.o
Linking Fortran executable cmTryCompileExec2376472389
/usr/local/Cellar/cmake/2.8.12.1/bin/cmake -E cmake_link_script CMakeFiles/cmTryCompileExec2376472389.dir/link.txt --verbose=1
/usr/local/bin/gfortran       CMakeFiles/cmTryCompileExec2376472389.dir/testFortranCompiler.f.o  -o cmTryCompileExec2376472389  


Detecting Fortran compiler ABI info compiled with the following output:
Change Dir: /Users/tabel/Research/codes/MPI.jl/build/CMakeFiles/CMakeTmp

Run Build Command:/usr/bin/make "cmTryCompileExec982001692/fast"
/Applications/Xcode.app/Contents/Developer/usr/bin/make -f CMakeFiles/cmTryCompileExec982001692.dir/build.make CMakeFiles/cmTryCompileExec982001692.dir/build
/usr/local/Cellar/cmake/2.8.12.1/bin/cmake -E cmake_progress_report /Users/tabel/Research/codes/MPI.jl/build/CMakeFiles/CMakeTmp/CMakeFiles 1
Building Fortran object CMakeFiles/cmTryCompileExec982001692.dir/CMakeFortranCompilerABI.F.o
/usr/local/bin/gfortran    -c /usr/local/Cellar/cmake/2.8.12.1/share/cmake/Modules/CMakeFortranCompilerABI.F -o CMakeFiles/cmTryCompileExec982001692.dir/CMakeFortranCompilerABI.F.o
Linking Fortran executable cmTryCompileExec982001692
/usr/local/Cellar/cmake/2.8.12.1/bin/cmake -E cmake_link_script CMakeFiles/cmTryCompileExec982001692.dir/link.txt --verbose=1
/usr/local/bin/gfortran   -v -Wl,-v   CMakeFiles/cmTryCompileExec982001692.dir/CMakeFortranCompilerABI.F.o  -o cmTryCompileExec982001692   
Driving: /usr/local/bin/gfortran -mmacosx-version-min=10.9.0 -v -Wl,-v CMakeFiles/cmTryCompileExec982001692.dir/CMakeFortranCompilerABI.F.o -o cmTryCompileExec982001692 -l gfortran -shared-libgcc
Using built-in specs.
COLLECT_GCC=/usr/local/bin/gfortran
COLLECT_LTO_WRAPPER=/usr/local/Cellar/gfortran/4.8.2/gfortran/libexec/gcc/x86_64-apple-darwin13.0.0/4.8.2/lto-wrapper
Target: x86_64-apple-darwin13.0.0
Configured with: ../configure --prefix=/usr/local/Cellar/gfortran/4.8.2/gfortran --datarootdir=/usr/local/Cellar/gfortran/4.8.2/share --bindir=/usr/local/Cellar/gfortran/4.8.2/bin --enable-languages=fortran --with-system-zlib --with-gmp=/usr/local/opt/gmp --with-mpfr=/usr/local/opt/mpfr --with-mpc=/usr/local/opt/libmpc --with-cloog=/usr/local/opt/cloog --with-isl=/usr/local/opt/isl --disable-cloog-version-check --disable-isl-version-check --enable-checking=release --disable-stage1-checking --disable-libstdcxx --enable-lto --disable-nls --disable-multilib
Thread model: posix
gcc version 4.8.2 (GCC) 
Reading specs from /usr/local/Cellar/gfortran/4.8.2/gfortran/lib/gcc/x86_64-apple-darwin13.0.0/4.8.2/../../../libgfortran.spec
rename spec lib to liborig
COLLECT_GCC_OPTIONS='-mmacosx-version-min=10.9.0' '-v' '-o' 'cmTryCompileExec982001692' '-shared-libgcc' '-mtune=core2'
COMPILER_PATH=/usr/local/Cellar/gfortran/4.8.2/gfortran/libexec/gcc/x86_64-apple-darwin13.0.0/4.8.2/:/usr/local/Cellar/gfortran/4.8.2/gfortran/libexec/gcc/x86_64-apple-darwin13.0.0/4.8.2/:/usr/local/Cellar/gfortran/4.8.2/gfortran/libexec/gcc/x86_64-apple-darwin13.0.0/:/usr/local/Cellar/gfortran/4.8.2/gfortran/lib/gcc/x86_64-apple-darwin13.0.0/4.8.2/:/usr/local/Cellar/gfortran/4.8.2/gfortran/lib/gcc/x86_64-apple-darwin13.0.0/
LIBRARY_PATH=/usr/local/Cellar/gfortran/4.8.2/gfortran/lib/gcc/x86_64-apple-darwin13.0.0/4.8.2/:/usr/local/Cellar/gfortran/4.8.2/gfortran/lib/gcc/x86_64-apple-darwin13.0.0/4.8.2/../../../:/usr/lib/
COLLECT_GCC_OPTIONS='-mmacosx-version-min=10.9.0' '-v' '-o' 'cmTryCompileExec982001692' '-shared-libgcc' '-mtune=core2'
 /usr/local/Cellar/gfortran/4.8.2/gfortran/libexec/gcc/x86_64-apple-darwin13.0.0/4.8.2/collect2 -dynamic -arch x86_64 -macosx_version_min 10.9.0 -weak_reference_mismatches non-weak -o cmTryCompileExec982001692 -L/usr/local/Cellar/gfortran/4.8.2/gfortran/lib/gcc/x86_64-apple-darwin13.0.0/4.8.2 -L/usr/local/Cellar/gfortran/4.8.2/gfortran/lib/gcc/x86_64-apple-darwin13.0.0/4.8.2/../../.. -v CMakeFiles/cmTryCompileExec982001692.dir/CMakeFortranCompilerABI.F.o -lgfortran -no_compact_unwind -lSystem -lgcc_ext.10.5 -lgcc -lquadmath -lm -lgcc_ext.10.5 -lgcc -lSystem -v
collect2 version 4.8.2
/usr/bin/ld -dynamic -arch x86_64 -macosx_version_min 10.9.0 -weak_reference_mismatches non-weak -o cmTryCompileExec982001692 -L/usr/local/Cellar/gfortran/4.8.2/gfortran/lib/gcc/x86_64-apple-darwin13.0.0/4.8.2 -L/usr/local/Cellar/gfortran/4.8.2/gfortran/lib/gcc/x86_64-apple-darwin13.0.0/4.8.2/../../.. -v CMakeFiles/cmTryCompileExec982001692.dir/CMakeFortranCompilerABI.F.o -lgfortran -no_compact_unwind -lSystem -lgcc_ext.10.5 -lgcc -lquadmath -lm -lgcc_ext.10.5 -lgcc -lSystem -v
@(#)PROGRAM:ld  PROJECT:ld64-224.1
configured to support archs: armv6 armv7 armv7s arm64 i386 x86_64 armv6m armv7m armv7em
@(#)PROGRAM:ld  PROJECT:ld64-224.1
configured to support archs: armv6 armv7 armv7s arm64 i386 x86_64 armv6m armv7m armv7em
Library search paths:
	/usr/local/Cellar/gfortran/4.8.2/gfortran/lib/gcc/x86_64-apple-darwin13.0.0/4.8.2
	/usr/local/Cellar/gfortran/4.8.2/gfortran/lib
	/usr/lib
	/usr/local/lib
Framework search paths:
	/Library/Frameworks/
	/System/Library/Frameworks/


Parsed Fortran implicit link information from above output:
  link line regex: [^( *|.*[/\])(ld|([^/\]+-)?ld|collect2)[^/\]*( |$)]
  ignore line: [Change Dir: /Users/tabel/Research/codes/MPI.jl/build/CMakeFiles/CMakeTmp]
  ignore line: []
  ignore line: [Run Build Command:/usr/bin/make "cmTryCompileExec982001692/fast"]
  ignore line: [/Applications/Xcode.app/Contents/Developer/usr/bin/make -f CMakeFiles/cmTryCompileExec982001692.dir/build.make CMakeFiles/cmTryCompileExec982001692.dir/build]
  ignore line: [/usr/local/Cellar/cmake/2.8.12.1/bin/cmake -E cmake_progress_report /Users/tabel/Research/codes/MPI.jl/build/CMakeFiles/CMakeTmp/CMakeFiles 1]
  ignore line: [Building Fortran object CMakeFiles/cmTryCompileExec982001692.dir/CMakeFortranCompilerABI.F.o]
  ignore line: [/usr/local/bin/gfortran    -c /usr/local/Cellar/cmake/2.8.12.1/share/cmake/Modules/CMakeFortranCompilerABI.F -o CMakeFiles/cmTryCompileExec982001692.dir/CMakeFortranCompilerABI.F.o]
  ignore line: [Linking Fortran executable cmTryCompileExec982001692]
  ignore line: [/usr/local/Cellar/cmake/2.8.12.1/bin/cmake -E cmake_link_script CMakeFiles/cmTryCompileExec982001692.dir/link.txt --verbose=1]
  ignore line: [/usr/local/bin/gfortran   -v -Wl,-v   CMakeFiles/cmTryCompileExec982001692.dir/CMakeFortranCompilerABI.F.o  -o cmTryCompileExec982001692   ]
  ignore line: [Driving: /usr/local/bin/gfortran -mmacosx-version-min=10.9.0 -v -Wl,-v CMakeFiles/cmTryCompileExec982001692.dir/CMakeFortranCompilerABI.F.o -o cmTryCompileExec982001692 -l gfortran -shared-libgcc]
  ignore line: [Using built-in specs.]
  ignore line: [COLLECT_GCC=/usr/local/bin/gfortran]
  ignore line: [COLLECT_LTO_WRAPPER=/usr/local/Cellar/gfortran/4.8.2/gfortran/libexec/gcc/x86_64-apple-darwin13.0.0/4.8.2/lto-wrapper]
  ignore line: [Target: x86_64-apple-darwin13.0.0]
  ignore line: [Configured with: ../configure --prefix=/usr/local/Cellar/gfortran/4.8.2/gfortran --datarootdir=/usr/local/Cellar/gfortran/4.8.2/share --bindir=/usr/local/Cellar/gfortran/4.8.2/bin --enable-languages=fortran --with-system-zlib --with-gmp=/usr/local/opt/gmp --with-mpfr=/usr/local/opt/mpfr --with-mpc=/usr/local/opt/libmpc --with-cloog=/usr/local/opt/cloog --with-isl=/usr/local/opt/isl --disable-cloog-version-check --disable-isl-version-check --enable-checking=release --disable-stage1-checking --disable-libstdcxx --enable-lto --disable-nls --disable-multilib]
  ignore line: [Thread model: posix]
  ignore line: [gcc version 4.8.2 (GCC) ]
  ignore line: [Reading specs from /usr/local/Cellar/gfortran/4.8.2/gfortran/lib/gcc/x86_64-apple-darwin13.0.0/4.8.2/../../../libgfortran.spec]
  ignore line: [rename spec lib to liborig]
  ignore line: [COLLECT_GCC_OPTIONS='-mmacosx-version-min=10.9.0' '-v' '-o' 'cmTryCompileExec982001692' '-shared-libgcc' '-mtune=core2']
  ignore line: [COMPILER_PATH=/usr/local/Cellar/gfortran/4.8.2/gfortran/libexec/gcc/x86_64-apple-darwin13.0.0/4.8.2/:/usr/local/Cellar/gfortran/4.8.2/gfortran/libexec/gcc/x86_64-apple-darwin13.0.0/4.8.2/:/usr/local/Cellar/gfortran/4.8.2/gfortran/libexec/gcc/x86_64-apple-darwin13.0.0/:/usr/local/Cellar/gfortran/4.8.2/gfortran/lib/gcc/x86_64-apple-darwin13.0.0/4.8.2/:/usr/local/Cellar/gfortran/4.8.2/gfortran/lib/gcc/x86_64-apple-darwin13.0.0/]
  ignore line: [LIBRARY_PATH=/usr/local/Cellar/gfortran/4.8.2/gfortran/lib/gcc/x86_64-apple-darwin13.0.0/4.8.2/:/usr/local/Cellar/gfortran/4.8.2/gfortran/lib/gcc/x86_64-apple-darwin13.0.0/4.8.2/../../../:/usr/lib/]
  ignore line: [COLLECT_GCC_OPTIONS='-mmacosx-version-min=10.9.0' '-v' '-o' 'cmTryCompileExec982001692' '-shared-libgcc' '-mtune=core2']
  link line: [ /usr/local/Cellar/gfortran/4.8.2/gfortran/libexec/gcc/x86_64-apple-darwin13.0.0/4.8.2/collect2 -dynamic -arch x86_64 -macosx_version_min 10.9.0 -weak_reference_mismatches non-weak -o cmTryCompileExec982001692 -L/usr/local/Cellar/gfortran/4.8.2/gfortran/lib/gcc/x86_64-apple-darwin13.0.0/4.8.2 -L/usr/local/Cellar/gfortran/4.8.2/gfortran/lib/gcc/x86_64-apple-darwin13.0.0/4.8.2/../../.. -v CMakeFiles/cmTryCompileExec982001692.dir/CMakeFortranCompilerABI.F.o -lgfortran -no_compact_unwind -lSystem -lgcc_ext.10.5 -lgcc -lquadmath -lm -lgcc_ext.10.5 -lgcc -lSystem -v]
    arg [/usr/local/Cellar/gfortran/4.8.2/gfortran/libexec/gcc/x86_64-apple-darwin13.0.0/4.8.2/collect2] ==> ignore
    arg [-dynamic] ==> ignore
    arg [-arch] ==> ignore
    arg [x86_64] ==> ignore
    arg [-macosx_version_min] ==> ignore
    arg [10.9.0] ==> ignore
    arg [-weak_reference_mismatches] ==> ignore
    arg [non-weak] ==> ignore
    arg [-o] ==> ignore
    arg [cmTryCompileExec982001692] ==> ignore
    arg [-L/usr/local/Cellar/gfortran/4.8.2/gfortran/lib/gcc/x86_64-apple-darwin13.0.0/4.8.2] ==> dir [/usr/local/Cellar/gfortran/4.8.2/gfortran/lib/gcc/x86_64-apple-darwin13.0.0/4.8.2]
    arg [-L/usr/local/Cellar/gfortran/4.8.2/gfortran/lib/gcc/x86_64-apple-darwin13.0.0/4.8.2/../../..] ==> dir [/usr/local/Cellar/gfortran/4.8.2/gfortran/lib/gcc/x86_64-apple-darwin13.0.0/4.8.2/../../..]
    arg [-v] ==> ignore
    arg [CMakeFiles/cmTryCompileExec982001692.dir/CMakeFortranCompilerABI.F.o] ==> ignore
    arg [-lgfortran] ==> lib [gfortran]
    arg [-no_compact_unwind] ==> ignore
    arg [-lSystem] ==> lib [System]
    arg [-lgcc_ext.10.5] ==> lib [gcc_ext.10.5]
    arg [-lgcc] ==> lib [gcc]
    arg [-lquadmath] ==> lib [quadmath]
    arg [-lm] ==> lib [m]
    arg [-lgcc_ext.10.5] ==> lib [gcc_ext.10.5]
    arg [-lgcc] ==> lib [gcc]
    arg [-lSystem] ==> lib [System]
    arg [-v] ==> ignore
  Library search paths: [;/usr/local/Cellar/gfortran/4.8.2/gfortran/lib/gcc/x86_64-apple-darwin13.0.0/4.8.2;/usr/local/Cellar/gfortran/4.8.2/gfortran/lib;/usr/lib;/usr/local/lib]
  Framework search paths: [;/Library/Frameworks/;/System/Library/Frameworks/]
  remove lib [System]
  remove lib [gcc_ext.10.5]
  remove lib [gcc]
  remove lib [gcc_ext.10.5]
  remove lib [gcc]
  remove lib [System]
  collapse library dir [/usr/local/Cellar/gfortran/4.8.2/gfortran/lib/gcc/x86_64-apple-darwin13.0.0/4.8.2] ==> [/usr/local/Cellar/gfortran/4.8.2/gfortran/lib/gcc/x86_64-apple-darwin13.0.0/4.8.2]
  collapse library dir [/usr/local/Cellar/gfortran/4.8.2/gfortran/lib/gcc/x86_64-apple-darwin13.0.0/4.8.2/../../..] ==> [/usr/local/Cellar/gfortran/4.8.2/gfortran/lib]
  collapse library dir [/usr/local/Cellar/gfortran/4.8.2/gfortran/lib/gcc/x86_64-apple-darwin13.0.0/4.8.2] ==> [/usr/local/Cellar/gfortran/4.8.2/gfortran/lib/gcc/x86_64-apple-darwin13.0.0/4.8.2]
  collapse library dir [/usr/local/Cellar/gfortran/4.8.2/gfortran/lib] ==> [/usr/local/Cellar/gfortran/4.8.2/gfortran/lib]
  collapse library dir [/usr/lib] ==> [/usr/lib]
  collapse library dir [/usr/local/lib] ==> [/usr/local/lib]
  collapse framework dir [/Library/Frameworks/] ==> [/Library/Frameworks]
  collapse framework dir [/System/Library/Frameworks/] ==> [/System/Library/Frameworks]
  implicit libs: [gfortran;quadmath;m]
  implicit dirs: [/usr/local/Cellar/gfortran/4.8.2/gfortran/lib/gcc/x86_64-apple-darwin13.0.0/4.8.2;/usr/local/Cellar/gfortran/4.8.2/gfortran/lib;/usr/lib;/usr/local/lib]
  implicit fwks: [/Library/Frameworks;/System/Library/Frameworks]


Determining if the Fortran compiler supports Fortran 90 passed with the following output:
Change Dir: /Users/tabel/Research/codes/MPI.jl/build/CMakeFiles/CMakeTmp

Run Build Command:/usr/bin/make "cmTryCompileExec3152275420/fast"
/Applications/Xcode.app/Contents/Developer/usr/bin/make -f CMakeFiles/cmTryCompileExec3152275420.dir/build.make CMakeFiles/cmTryCompileExec3152275420.dir/build
/usr/local/Cellar/cmake/2.8.12.1/bin/cmake -E cmake_progress_report /Users/tabel/Research/codes/MPI.jl/build/CMakeFiles/CMakeTmp/CMakeFiles 1
Building Fortran object CMakeFiles/cmTryCompileExec3152275420.dir/testFortranCompilerF90.f90.o
/usr/local/bin/gfortran    -c /Users/tabel/Research/codes/MPI.jl/build/CMakeFiles/CMakeTmp/testFortranCompilerF90.f90 -o CMakeFiles/cmTryCompileExec3152275420.dir/testFortranCompilerF90.f90.o
Linking Fortran executable cmTryCompileExec3152275420
/usr/local/Cellar/cmake/2.8.12.1/bin/cmake -E cmake_link_script CMakeFiles/cmTryCompileExec3152275420.dir/link.txt --verbose=1
/usr/local/bin/gfortran       CMakeFiles/cmTryCompileExec3152275420.dir/testFortranCompilerF90.f90.o  -o cmTryCompileExec3152275420  


Determining if the C compiler works passed with the following output:
Change Dir: /Users/tabel/Research/codes/MPI.jl/build/CMakeFiles/CMakeTmp

Run Build Command:/usr/bin/make "cmTryCompileExec1010292737/fast"
/Applications/Xcode.app/Contents/Developer/usr/bin/make -f CMakeFiles/cmTryCompileExec1010292737.dir/build.make CMakeFiles/cmTryCompileExec1010292737.dir/build
/usr/local/Cellar/cmake/2.8.12.1/bin/cmake -E cmake_progress_report /Users/tabel/Research/codes/MPI.jl/build/CMakeFiles/CMakeTmp/CMakeFiles 1
Building C object CMakeFiles/cmTryCompileExec1010292737.dir/testCCompiler.c.o
/usr/local/bin/gcc    -o CMakeFiles/cmTryCompileExec1010292737.dir/testCCompiler.c.o   -c /Users/tabel/Research/codes/MPI.jl/build/CMakeFiles/CMakeTmp/testCCompiler.c
Linking C executable cmTryCompileExec1010292737
/usr/local/Cellar/cmake/2.8.12.1/bin/cmake -E cmake_link_script CMakeFiles/cmTryCompileExec1010292737.dir/link.txt --verbose=1
/usr/local/bin/gcc    -Wl,-search_paths_first -Wl,-headerpad_max_install_names   CMakeFiles/cmTryCompileExec1010292737.dir/testCCompiler.c.o  -o cmTryCompileExec1010292737  


Detecting C compiler ABI info compiled with the following output:
Change Dir: /Users/tabel/Research/codes/MPI.jl/build/CMakeFiles/CMakeTmp

Run Build Command:/usr/bin/make "cmTryCompileExec3367951637/fast"
/Applications/Xcode.app/Contents/Developer/usr/bin/make -f CMakeFiles/cmTryCompileExec3367951637.dir/build.make CMakeFiles/cmTryCompileExec3367951637.dir/build
/usr/local/Cellar/cmake/2.8.12.1/bin/cmake -E cmake_progress_report /Users/tabel/Research/codes/MPI.jl/build/CMakeFiles/CMakeTmp/CMakeFiles 1
Building C object CMakeFiles/cmTryCompileExec3367951637.dir/CMakeCCompilerABI.c.o
/usr/local/bin/gcc    -o CMakeFiles/cmTryCompileExec3367951637.dir/CMakeCCompilerABI.c.o   -c /usr/local/Cellar/cmake/2.8.12.1/share/cmake/Modules/CMakeCCompilerABI.c
Linking C executable cmTryCompileExec3367951637
/usr/local/Cellar/cmake/2.8.12.1/bin/cmake -E cmake_link_script CMakeFiles/cmTryCompileExec3367951637.dir/link.txt --verbose=1
/usr/local/bin/gcc    -Wl,-search_paths_first -Wl,-headerpad_max_install_names -v -Wl,-v CMakeFiles/cmTryCompileExec3367951637.dir/CMakeCCompilerABI.c.o  -o cmTryCompileExec3367951637   
Using built-in specs.
COLLECT_GCC=/usr/local/bin/gcc
COLLECT_LTO_WRAPPER=/usr/local/Cellar/gcc49/4.9-20131110/libexec/gcc/x86_64-apple-darwin13.0.0/4.9.0/lto-wrapper
Target: x86_64-apple-darwin13.0.0
Configured with: ../configure --build=x86_64-apple-darwin13.0.0 --prefix=/usr/local/Cellar/gcc49/4.9-20131110 --enable-languages=c,c++ --program-suffix=-4.9 --with-gmp=/usr/local/opt/gmp4 --with-mpfr=/usr/local/opt/mpfr2 --with-mpc=/usr/local/opt/libmpc08 --with-cloog=/usr/local/opt/cloog018 --with-isl=/usr/local/opt/isl011 --with-system-zlib --enable-version-specific-runtime-libs --enable-libstdcxx-time=yes --enable-stage1-checking --enable-checking=release --enable-lto --disable-werror --enable-plugin --disable-nls --disable-multilib
Thread model: posix
gcc version 4.9.0 20131110 (experimental) (GCC) 
COMPILER_PATH=/usr/local/Cellar/gcc49/4.9-20131110/libexec/gcc/x86_64-apple-darwin13.0.0/4.9.0/:/usr/local/Cellar/gcc49/4.9-20131110/libexec/gcc/x86_64-apple-darwin13.0.0/4.9.0/:/usr/local/Cellar/gcc49/4.9-20131110/libexec/gcc/x86_64-apple-darwin13.0.0/:/usr/local/Cellar/gcc49/4.9-20131110/lib/gcc/x86_64-apple-darwin13.0.0/4.9.0/:/usr/local/Cellar/gcc49/4.9-20131110/lib/gcc/x86_64-apple-darwin13.0.0/
LIBRARY_PATH=/usr/local/Cellar/gcc49/4.9-20131110/lib/gcc/x86_64-apple-darwin13.0.0/4.9.0/:/usr/local/Cellar/gcc49/4.9-20131110/lib/gcc/x86_64-apple-darwin13.0.0/4.9.0/../../../:/usr/lib/
COLLECT_GCC_OPTIONS='-mmacosx-version-min=10.9.0' '-v' '-o' 'cmTryCompileExec3367951637' '-mtune=core2'
 /usr/local/Cellar/gcc49/4.9-20131110/libexec/gcc/x86_64-apple-darwin13.0.0/4.9.0/collect2 -dynamic -arch x86_64 -macosx_version_min 10.9.0 -weak_reference_mismatches non-weak -o cmTryCompileExec3367951637 -L/usr/local/Cellar/gcc49/4.9-20131110/lib/gcc/x86_64-apple-darwin13.0.0/4.9.0 -L/usr/local/Cellar/gcc49/4.9-20131110/lib/gcc/x86_64-apple-darwin13.0.0/4.9.0/../../.. -search_paths_first -headerpad_max_install_names -v CMakeFiles/cmTryCompileExec3367951637.dir/CMakeCCompilerABI.c.o -no_compact_unwind -lSystem -lgcc_ext.10.5 -lgcc -lSystem -v
collect2 version 4.9.0 20131110 (experimental)
/usr/bin/ld -dynamic -arch x86_64 -macosx_version_min 10.9.0 -weak_reference_mismatches non-weak -o cmTryCompileExec3367951637 -L/usr/local/Cellar/gcc49/4.9-20131110/lib/gcc/x86_64-apple-darwin13.0.0/4.9.0 -L/usr/local/Cellar/gcc49/4.9-20131110/lib/gcc/x86_64-apple-darwin13.0.0/4.9.0/../../.. -search_paths_first -headerpad_max_install_names -v CMakeFiles/cmTryCompileExec3367951637.dir/CMakeCCompilerABI.c.o -no_compact_unwind -lSystem -lgcc_ext.10.5 -lgcc -lSystem -v
@(#)PROGRAM:ld  PROJECT:ld64-224.1
configured to support archs: armv6 armv7 armv7s arm64 i386 x86_64 armv6m armv7m armv7em
@(#)PROGRAM:ld  PROJECT:ld64-224.1
configured to support archs: armv6 armv7 armv7s arm64 i386 x86_64 armv6m armv7m armv7em
Library search paths:
	/usr/local/Cellar/gcc49/4.9-20131110/lib/gcc/x86_64-apple-darwin13.0.0/4.9.0
	/usr/local/Cellar/gcc49/4.9-20131110/lib
	/usr/lib
	/usr/local/lib
Framework search paths:
	/Library/Frameworks/
	/System/Library/Frameworks/


Parsed C implicit link information from above output:
  link line regex: [^( *|.*[/\])(ld|([^/\]+-)?ld|collect2)[^/\]*( |$)]
  ignore line: [Change Dir: /Users/tabel/Research/codes/MPI.jl/build/CMakeFiles/CMakeTmp]
  ignore line: []
  ignore line: [Run Build Command:/usr/bin/make "cmTryCompileExec3367951637/fast"]
  ignore line: [/Applications/Xcode.app/Contents/Developer/usr/bin/make -f CMakeFiles/cmTryCompileExec3367951637.dir/build.make CMakeFiles/cmTryCompileExec3367951637.dir/build]
  ignore line: [/usr/local/Cellar/cmake/2.8.12.1/bin/cmake -E cmake_progress_report /Users/tabel/Research/codes/MPI.jl/build/CMakeFiles/CMakeTmp/CMakeFiles 1]
  ignore line: [Building C object CMakeFiles/cmTryCompileExec3367951637.dir/CMakeCCompilerABI.c.o]
  ignore line: [/usr/local/bin/gcc    -o CMakeFiles/cmTryCompileExec3367951637.dir/CMakeCCompilerABI.c.o   -c /usr/local/Cellar/cmake/2.8.12.1/share/cmake/Modules/CMakeCCompilerABI.c]
  ignore line: [Linking C executable cmTryCompileExec3367951637]
  ignore line: [/usr/local/Cellar/cmake/2.8.12.1/bin/cmake -E cmake_link_script CMakeFiles/cmTryCompileExec3367951637.dir/link.txt --verbose=1]
  ignore line: [/usr/local/bin/gcc    -Wl,-search_paths_first -Wl,-headerpad_max_install_names -v -Wl,-v CMakeFiles/cmTryCompileExec3367951637.dir/CMakeCCompilerABI.c.o  -o cmTryCompileExec3367951637   ]
  ignore line: [Using built-in specs.]
  ignore line: [COLLECT_GCC=/usr/local/bin/gcc]
  ignore line: [COLLECT_LTO_WRAPPER=/usr/local/Cellar/gcc49/4.9-20131110/libexec/gcc/x86_64-apple-darwin13.0.0/4.9.0/lto-wrapper]
  ignore line: [Target: x86_64-apple-darwin13.0.0]
  ignore line: [Configured with: ../configure --build=x86_64-apple-darwin13.0.0 --prefix=/usr/local/Cellar/gcc49/4.9-20131110 --enable-languages=c,c++ --program-suffix=-4.9 --with-gmp=/usr/local/opt/gmp4 --with-mpfr=/usr/local/opt/mpfr2 --with-mpc=/usr/local/opt/libmpc08 --with-cloog=/usr/local/opt/cloog018 --with-isl=/usr/local/opt/isl011 --with-system-zlib --enable-version-specific-runtime-libs --enable-libstdcxx-time=yes --enable-stage1-checking --enable-checking=release --enable-lto --disable-werror --enable-plugin --disable-nls --disable-multilib]
  ignore line: [Thread model: posix]
  ignore line: [gcc version 4.9.0 20131110 (experimental) (GCC) ]
  ignore line: [COMPILER_PATH=/usr/local/Cellar/gcc49/4.9-20131110/libexec/gcc/x86_64-apple-darwin13.0.0/4.9.0/:/usr/local/Cellar/gcc49/4.9-20131110/libexec/gcc/x86_64-apple-darwin13.0.0/4.9.0/:/usr/local/Cellar/gcc49/4.9-20131110/libexec/gcc/x86_64-apple-darwin13.0.0/:/usr/local/Cellar/gcc49/4.9-20131110/lib/gcc/x86_64-apple-darwin13.0.0/4.9.0/:/usr/local/Cellar/gcc49/4.9-20131110/lib/gcc/x86_64-apple-darwin13.0.0/]
  ignore line: [LIBRARY_PATH=/usr/local/Cellar/gcc49/4.9-20131110/lib/gcc/x86_64-apple-darwin13.0.0/4.9.0/:/usr/local/Cellar/gcc49/4.9-20131110/lib/gcc/x86_64-apple-darwin13.0.0/4.9.0/../../../:/usr/lib/]
  ignore line: [COLLECT_GCC_OPTIONS='-mmacosx-version-min=10.9.0' '-v' '-o' 'cmTryCompileExec3367951637' '-mtune=core2']
  link line: [ /usr/local/Cellar/gcc49/4.9-20131110/libexec/gcc/x86_64-apple-darwin13.0.0/4.9.0/collect2 -dynamic -arch x86_64 -macosx_version_min 10.9.0 -weak_reference_mismatches non-weak -o cmTryCompileExec3367951637 -L/usr/local/Cellar/gcc49/4.9-20131110/lib/gcc/x86_64-apple-darwin13.0.0/4.9.0 -L/usr/local/Cellar/gcc49/4.9-20131110/lib/gcc/x86_64-apple-darwin13.0.0/4.9.0/../../.. -search_paths_first -headerpad_max_install_names -v CMakeFiles/cmTryCompileExec3367951637.dir/CMakeCCompilerABI.c.o -no_compact_unwind -lSystem -lgcc_ext.10.5 -lgcc -lSystem -v]
    arg [/usr/local/Cellar/gcc49/4.9-20131110/libexec/gcc/x86_64-apple-darwin13.0.0/4.9.0/collect2] ==> ignore
    arg [-dynamic] ==> ignore
    arg [-arch] ==> ignore
    arg [x86_64] ==> ignore
    arg [-macosx_version_min] ==> ignore
    arg [10.9.0] ==> ignore
    arg [-weak_reference_mismatches] ==> ignore
    arg [non-weak] ==> ignore
    arg [-o] ==> ignore
    arg [cmTryCompileExec3367951637] ==> ignore
    arg [-L/usr/local/Cellar/gcc49/4.9-20131110/lib/gcc/x86_64-apple-darwin13.0.0/4.9.0] ==> dir [/usr/local/Cellar/gcc49/4.9-20131110/lib/gcc/x86_64-apple-darwin13.0.0/4.9.0]
    arg [-L/usr/local/Cellar/gcc49/4.9-20131110/lib/gcc/x86_64-apple-darwin13.0.0/4.9.0/../../..] ==> dir [/usr/local/Cellar/gcc49/4.9-20131110/lib/gcc/x86_64-apple-darwin13.0.0/4.9.0/../../..]
    arg [-search_paths_first] ==> ignore
    arg [-headerpad_max_install_names] ==> ignore
    arg [-v] ==> ignore
    arg [CMakeFiles/cmTryCompileExec3367951637.dir/CMakeCCompilerABI.c.o] ==> ignore
    arg [-no_compact_unwind] ==> ignore
    arg [-lSystem] ==> lib [System]
    arg [-lgcc_ext.10.5] ==> lib [gcc_ext.10.5]
    arg [-lgcc] ==> lib [gcc]
    arg [-lSystem] ==> lib [System]
    arg [-v] ==> ignore
  Library search paths: [;/usr/local/Cellar/gcc49/4.9-20131110/lib/gcc/x86_64-apple-darwin13.0.0/4.9.0;/usr/local/Cellar/gcc49/4.9-20131110/lib;/usr/lib;/usr/local/lib]
  Framework search paths: [;/Library/Frameworks/;/System/Library/Frameworks/]
  remove lib [System]
  remove lib [gcc_ext.10.5]
  remove lib [gcc]
  remove lib [System]
  collapse library dir [/usr/local/Cellar/gcc49/4.9-20131110/lib/gcc/x86_64-apple-darwin13.0.0/4.9.0] ==> [/usr/local/Cellar/gcc49/4.9-20131110/lib/gcc/x86_64-apple-darwin13.0.0/4.9.0]
  collapse library dir [/usr/local/Cellar/gcc49/4.9-20131110/lib/gcc/x86_64-apple-darwin13.0.0/4.9.0/../../..] ==> [/usr/local/Cellar/gcc49/4.9-20131110/lib]
  collapse library dir [/usr/local/Cellar/gcc49/4.9-20131110/lib/gcc/x86_64-apple-darwin13.0.0/4.9.0] ==> [/usr/local/Cellar/gcc49/4.9-20131110/lib/gcc/x86_64-apple-darwin13.0.0/4.9.0]
  collapse library dir [/usr/local/Cellar/gcc49/4.9-20131110/lib] ==> [/usr/local/Cellar/gcc49/4.9-20131110/lib]
  collapse library dir [/usr/lib] ==> [/usr/lib]
  collapse library dir [/usr/local/lib] ==> [/usr/local/lib]
  collapse framework dir [/Library/Frameworks/] ==> [/Library/Frameworks]
  collapse framework dir [/System/Library/Frameworks/] ==> [/System/Library/Frameworks]
  implicit libs: []
  implicit dirs: [/usr/local/Cellar/gcc49/4.9-20131110/lib/gcc/x86_64-apple-darwin13.0.0/4.9.0;/usr/local/Cellar/gcc49/4.9-20131110/lib;/usr/lib;/usr/local/lib]
  implicit fwks: [/Library/Frameworks;/System/Library/Frameworks]


